Build started 11/26/2014 10:01:06 PM.
Project "F:\media\qamar-ud-din\709E751C9E74DBD2\Qamaruddin\FCIS ASU\Third Year\1st Term\Assembly Language\Assignments\3\Full Version\5.8.9\Project.vcxproj" on node 2 (build target(s)).
InitializeBuildStatus:
  Creating "Debug\Project.unsuccessfulbuild" because "AlwaysCreate" was specified.
_MASM:
  Assembling [Inputs]...
  cmd.exe /C "C:\Documents and Settings\QamarudDin\Local Settings\Temp\e2c208ad35114bc89f80f1b7abe52593.cmd"
  ml.exe /c /nologo /Zi /Fo"Debug\main.obj" /I "c:\Irvine" /W3 /errorReport:prompt  /Tamain.asm
Link:
  C:\Program Files\Microsoft Visual Studio 10.0\VC\bin\link.exe /ERRORREPORT:PROMPT /OUT:"F:\media\qamar-ud-din\709E751C9E74DBD2\Qamaruddin\FCIS ASU\Third Year\1st Term\Assembly Language\Assignments\3\Full Version\5.8.9\Debug\Project.exe" /NOLOGO /LIBPATH:c:\Irvine user32.lib irvine32.lib kernel32.lib user32.lib gdi32.lib winspool.lib comdlg32.lib advapi32.lib shell32.lib ole32.lib oleaut32.lib uuid.lib odbc32.lib odbccp32.lib /MANIFEST /ManifestFile:"Debug\Project.exe.intermediate.manifest" /MANIFESTUAC:"level='asInvoker' uiAccess='false'" /DEBUG /PDB:"F:\media\qamar-ud-din\709E751C9E74DBD2\Qamaruddin\FCIS ASU\Third Year\1st Term\Assembly Language\Assignments\3\Full Version\5.8.9\Debug\Project.pdb" /SUBSYSTEM:CONSOLE /TLBID:1 /DYNAMICBASE:NO /IMPLIB:"F:\media\qamar-ud-din\709E751C9E74DBD2\Qamaruddin\FCIS ASU\Third Year\1st Term\Assembly Language\Assignments\3\Full Version\5.8.9\Debug\Project.lib" /MACHINE:X86 Debug\main.obj
  LINK : F:\media\qamar-ud-din\709E751C9E74DBD2\Qamaruddin\FCIS ASU\Third Year\1st Term\Assembly Language\Assignments\3\Full Version\5.8.9\Debug\Project.exe not found or not built by the last incremental link; performing full link
  Project.vcxproj -> F:\media\qamar-ud-din\709E751C9E74DBD2\Qamaruddin\FCIS ASU\Third Year\1st Term\Assembly Language\Assignments\3\Full Version\5.8.9\Debug\Project.exe
Manifest:
  C:\Program Files\Microsoft SDKs\Windows\v7.0A\bin\mt.exe /nologo /verbose /outputresource:"F:\media\qamar-ud-din\709E751C9E74DBD2\Qamaruddin\FCIS ASU\Third Year\1st Term\Assembly Language\Assignments\3\Full Version\5.8.9\Debug\Project.exe;#1" /manifest Debug\Project.exe.intermediate.manifest
FinalizeBuildStatus:
  Deleting file "Debug\Project.unsuccessfulbuild".
  Touching "Debug\Project.lastbuildstate".
Done Building Project "F:\media\qamar-ud-din\709E751C9E74DBD2\Qamaruddin\FCIS ASU\Third Year\1st Term\Assembly Language\Assignments\3\Full Version\5.8.9\Project.vcxproj" (build target(s)).

Build succeeded.

Time Elapsed 00:00:01.93
